<?xml version="1.0" encoding="UTF-8"?>
<!-- Generated by org.testng.reporters.JUnitReportReporter -->
<testsuite skipped="2" hostname="LAPTOP-6BSQHT68" name="testNG.concepts.TestNGDataDrivenConcepts" tests="2" failures="0" timestamp="30 Oct 2020 20:04:51 GMT" time="0.000" errors="0">
  <testcase name="dataProviderExample" time="0.000" classname="testNG.concepts.TestNGDataDrivenConcepts">
    <skipped/>
  </testcase> <!-- dataProviderExample -->
  <testcase name="parametersExample" classname="testNG.concepts.TestNGDataDrivenConcepts">
    <skipped/>
  </testcase> <!-- parametersExample -->
</testsuite> <!-- testNG.concepts.TestNGDataDrivenConcepts -->
