<?xml version="1.0" encoding="UTF-8"?>
<!-- Generated by org.testng.reporters.JUnitReportReporter -->
<testsuite skipped="0" hostname="LAPTOP-6BSQHT68" name="tests.LoginTest" tests="1" failures="0" timestamp="03 Nov 2020 02:40:33 GMT" time="10.270" errors="0">
  <testcase name="loginToHotel" time="10.270" classname="tests.LoginTest"/>
</testsuite> <!-- tests.LoginTest -->
