<?xml version="1.0" encoding="UTF-8"?>
<!-- Generated by org.testng.reporters.JUnitReportReporter -->
<testsuite skipped="0" hostname="LAPTOP-6BSQHT68" name="testNG.concepts.TestNGDependent" tests="3" failures="0" timestamp="30 Oct 2020 17:43:39 GMT" time="0.010" errors="0">
  <testcase name="test_SignINtoApplication" time="0.001" classname="testNG.concepts.TestNGDependent"/>
  <testcase name="test_NavigateToURL" time="0.000" classname="testNG.concepts.TestNGDependent"/>
  <testcase name="test_OpenBrowser" time="0.009" classname="testNG.concepts.TestNGDependent"/>
</testsuite> <!-- testNG.concepts.TestNGDependent -->
